<?xml version="1.0" encoding="UTF-8"?>
<robot generator="Robot 5.0.1 (Python 3.8.10 on linux)" generated="20220923 09:23:15.053" rpa="false" schemaversion="3">
<suite id="s1" name="Closing" source="/home/ng/QualityAssurance /assignment/closing.robot">
<test id="s1-t1" name="Login To Deriv" line="8">
<kw name="Open Browser" library="SeleniumLibrary">
<arg>https://app.deriv.com/</arg>
<arg>chrome</arg>
<doc>Opens a new browser instance to the optional ``url``.</doc>
<msg timestamp="20220923 09:23:15.138" level="INFO">Opening browser 'chrome' to base url 'https://app.deriv.com/'.</msg>
<status status="PASS" starttime="20220923 09:23:15.138" endtime="20220923 09:23:19.122"/>
</kw>
<kw name="Maximize Browser Window" library="SeleniumLibrary">
<doc>Maximizes current browser window.</doc>
<status status="PASS" starttime="20220923 09:23:19.123" endtime="20220923 09:23:19.416"/>
</kw>
<kw name="Wait Until Page Does Not Contain Element" library="SeleniumLibrary">
<arg>//*[@aria-label="Loading interface..."]</arg>
<arg>10</arg>
<doc>Waits until the element ``locator`` disappears from the current page.</doc>
<status status="PASS" starttime="20220923 09:23:19.416" endtime="20220923 09:23:20.253"/>
</kw>
<kw name="Wait Until Page Contains Element" library="SeleniumLibrary">
<arg>dt_login_button</arg>
<arg>60</arg>
<doc>Waits until the element ``locator`` appears on the current page.</doc>
<status status="PASS" starttime="20220923 09:23:20.254" endtime="20220923 09:23:20.312"/>
</kw>
<kw name="Click Element" library="SeleniumLibrary">
<arg>dt_login_button</arg>
<doc>Click the element identified by ``locator``.</doc>
<msg timestamp="20220923 09:23:20.312" level="INFO">Clicking element 'dt_login_button'.</msg>
<status status="PASS" starttime="20220923 09:23:20.312" endtime="20220923 09:23:22.550"/>
</kw>
<kw name="Wait Until Page Contains Element" library="SeleniumLibrary">
<arg>//input[@type='email']</arg>
<arg>10</arg>
<doc>Waits until the element ``locator`` appears on the current page.</doc>
<status status="PASS" starttime="20220923 09:23:22.550" endtime="20220923 09:23:22.579"/>
</kw>
<kw name="Input Text" library="SeleniumLibrary">
<arg>//input[@type='email']</arg>
<arg>shin.cheng@besquare.com.my</arg>
<doc>Types the given ``text`` into the text field identified by ``locator``.</doc>
<msg timestamp="20220923 09:23:22.579" level="INFO">Typing text 'shin.cheng@besquare.com.my' into text field '//input[@type='email']'.</msg>
<status status="PASS" starttime="20220923 09:23:22.579" endtime="20220923 09:23:22.657"/>
</kw>
<kw name="Input Text" library="SeleniumLibrary">
<arg>//input[@type='password']</arg>
<arg>HondaHRV2022!!!</arg>
<doc>Types the given ``text`` into the text field identified by ``locator``.</doc>
<msg timestamp="20220923 09:23:22.657" level="INFO">Typing text 'HondaHRV2022!!!' into text field '//input[@type='password']'.</msg>
<status status="PASS" starttime="20220923 09:23:22.657" endtime="20220923 09:23:22.729"/>
</kw>
<kw name="Click Element" library="SeleniumLibrary">
<arg>//button[@type='submit']</arg>
<doc>Click the element identified by ``locator``.</doc>
<msg timestamp="20220923 09:23:22.729" level="INFO">Clicking element '//button[@type='submit']'.</msg>
<status status="PASS" starttime="20220923 09:23:22.729" endtime="20220923 09:23:26.046"/>
</kw>
<status status="PASS" starttime="20220923 09:23:15.137" endtime="20220923 09:23:26.047"/>
</test>
<test id="s1-t2" name="Navigate to account setting page" line="19">
<kw name="Wait Until Page Does Not Contain Element" library="SeleniumLibrary">
<arg>//*[@aria-label="Loading interface..."]</arg>
<arg>10</arg>
<doc>Waits until the element ``locator`` disappears from the current page.</doc>
<status status="PASS" starttime="20220923 09:23:26.049" endtime="20220923 09:23:28.993"/>
</kw>
<kw name="Wait Until Page Contains Element" library="SeleniumLibrary">
<arg>//*[@class='sidebar__items']</arg>
<arg>20</arg>
<doc>Waits until the element ``locator`` appears on the current page.</doc>
<status status="PASS" starttime="20220923 09:23:28.994" endtime="20220923 09:23:29.011"/>
</kw>
<kw name="Wait Until Page Contains Element" library="SeleniumLibrary">
<arg>dt_core_account-info_acc-info</arg>
<arg>40</arg>
<doc>Waits until the element ``locator`` appears on the current page.</doc>
<status status="PASS" starttime="20220923 09:23:29.012" endtime="20220923 09:23:29.088"/>
</kw>
<status status="PASS" starttime="20220923 09:23:26.048" endtime="20220923 09:23:29.088"/>
</test>
<test id="s1-t3" name="Navigate to close account page" line="24">
<kw name="Wait Until Page Does Not Contain Element" library="SeleniumLibrary">
<arg>//*[@aria-label="Loading interface..."]</arg>
<arg>10</arg>
<doc>Waits until the element ``locator`` disappears from the current page.</doc>
<status status="PASS" starttime="20220923 09:23:29.089" endtime="20220923 09:23:29.138"/>
</kw>
<kw name="Wait Until Page Contains Element" library="SeleniumLibrary">
<arg>//*[@class="dc-icon"]</arg>
<doc>Waits until the element ``locator`` appears on the current page.</doc>
<status status="PASS" starttime="20220923 09:23:29.139" endtime="20220923 09:23:29.153"/>
</kw>
<kw name="Click Element" library="SeleniumLibrary">
<arg>//*[@class="dc-icon"]</arg>
<doc>Click the element identified by ``locator``.</doc>
<msg timestamp="20220923 09:23:29.154" level="INFO">Clicking element '//*[@class="dc-icon"]'.</msg>
<status status="PASS" starttime="20220923 09:23:29.154" endtime="20220923 09:23:29.347"/>
</kw>
<kw name="Wait Until Element Is Visible" library="SeleniumLibrary">
<arg>//*[@class="dc-vertical-tab__content dc-vertical-tab__content--floating"]</arg>
<doc>Waits until the element ``locator`` is visible.</doc>
<status status="PASS" starttime="20220923 09:23:29.347" endtime="20220923 09:23:29.719"/>
</kw>
<kw name="Wait Until Page Contains Element" library="SeleniumLibrary">
<arg>//*[@class="dc-vertical-tab__tab dc-vertical-tab__tab--floating"]</arg>
<doc>Waits until the element ``locator`` appears on the current page.</doc>
<status status="PASS" starttime="20220923 09:23:29.720" endtime="20220923 09:23:29.739"/>
</kw>
<kw name="Wait Until Page Contains Element" library="SeleniumLibrary">
<arg>/account/api-token</arg>
<doc>Waits until the element ``locator`` appears on the current page.</doc>
<status status="PASS" starttime="20220923 09:23:29.740" endtime="20220923 09:23:29.770"/>
</kw>
<kw name="Click Element" library="SeleniumLibrary">
<arg>/account/closing-account</arg>
<doc>Click the element identified by ``locator``.</doc>
<msg timestamp="20220923 09:23:29.771" level="INFO">Clicking element '/account/closing-account'.</msg>
<status status="PASS" starttime="20220923 09:23:29.770" endtime="20220923 09:23:29.928"/>
</kw>
<status status="PASS" starttime="20220923 09:23:29.089" endtime="20220923 09:23:29.928"/>
</test>
<test id="s1-t4" name="Security and privacy policy" line="33">
<kw name="Wait Until Element Is Visible" library="SeleniumLibrary">
<arg>//*[@class="dc-vertical-tab__content dc-vertical-tab__content--floating"]</arg>
<doc>Waits until the element ``locator`` is visible.</doc>
<status status="PASS" starttime="20220923 09:23:29.931" endtime="20220923 09:23:29.975"/>
</kw>
<kw name="Page Should Contain Link" library="SeleniumLibrary">
<arg>${link}</arg>
<doc>Verifies link identified by ``locator`` is found from current page.</doc>
<msg timestamp="20220923 09:23:30.026" level="INFO">Current page contains link '//a[@class='link']'.</msg>
<status status="PASS" starttime="20220923 09:23:29.975" endtime="20220923 09:23:30.027"/>
</kw>
<status status="PASS" starttime="20220923 09:23:29.930" endtime="20220923 09:23:30.027"/>
</test>
<test id="s1-t5" name="Close Account: User do not select any checkbox" line="37">
<kw name="Click Element" library="SeleniumLibrary">
<arg>//button[@class='dc-btn dc-btn--primary dc-btn__large closing-account__button--close-account']</arg>
<doc>Click the element identified by ``locator``.</doc>
<msg timestamp="20220923 09:23:30.029" level="INFO">Clicking element '//button[@class='dc-btn dc-btn--primary dc-btn__large closing-account__button--close-account']'.</msg>
<status status="PASS" starttime="20220923 09:23:30.028" endtime="20220923 09:23:30.093"/>
</kw>
<kw name="Wait Until Element Is Visible" library="SeleniumLibrary">
<arg>//*[@class="dc-vertical-tab__content-container"]</arg>
<arg>5</arg>
<doc>Waits until the element ``locator`` is visible.</doc>
<status status="PASS" starttime="20220923 09:23:30.094" endtime="20220923 09:23:30.118"/>
</kw>
<kw name="Click Element" library="SeleniumLibrary">
<arg>//*[@class="dc-input closing-account-reasons__input"]</arg>
<doc>Click the element identified by ``locator``.</doc>
<msg timestamp="20220923 09:23:30.119" level="INFO">Clicking element '//*[@class="dc-input closing-account-reasons__input"]'.</msg>
<status status="PASS" starttime="20220923 09:23:30.118" endtime="20220923 09:23:30.175"/>
</kw>
<kw name="Element Should Be Disabled" library="SeleniumLibrary">
<arg>//button[@class='dc-btn dc-btn__effect dc-btn--primary dc-btn__large']</arg>
<doc>Verifies that element identified by ``locator`` is disabled.</doc>
<status status="PASS" starttime="20220923 09:23:30.175" endtime="20220923 09:23:30.190"/>
</kw>
<status status="PASS" starttime="20220923 09:23:30.028" endtime="20220923 09:23:30.191"/>
</test>
<test id="s1-t6" name="Close Account: Use select checkbox" line="43">
<kw name="Click Element" library="SeleniumLibrary">
<arg>//input[@name='financial-priorities']//parent::label</arg>
<doc>Click the element identified by ``locator``.</doc>
<msg timestamp="20220923 09:23:30.192" level="INFO">Clicking element '//input[@name='financial-priorities']//parent::label'.</msg>
<status status="PASS" starttime="20220923 09:23:30.192" endtime="20220923 09:23:30.259"/>
</kw>
<kw name="Wait Until Page Contains Element" library="SeleniumLibrary">
<arg>//input[@name='financial-priorities' and @value='true']//parent::label</arg>
<doc>Waits until the element ``locator`` appears on the current page.</doc>
<status status="PASS" starttime="20220923 09:23:30.259" endtime="20220923 09:23:30.294"/>
</kw>
<kw name="Click Element" library="SeleniumLibrary">
<arg>//input[@name='financial-priorities']//parent::label</arg>
<doc>Click the element identified by ``locator``.</doc>
<msg timestamp="20220923 09:23:30.295" level="INFO">Clicking element '//input[@name='financial-priorities']//parent::label'.</msg>
<status status="PASS" starttime="20220923 09:23:30.295" endtime="20220923 09:23:30.344"/>
</kw>
<status status="PASS" starttime="20220923 09:23:30.191" endtime="20220923 09:23:30.344"/>
</test>
<status status="PASS" starttime="20220923 09:23:15.054" endtime="20220923 09:23:30.346"/>
</suite>
<statistics>
<total>
<stat pass="6" fail="0" skip="0">All Tests</stat>
</total>
<tag>
</tag>
<suite>
<stat pass="6" fail="0" skip="0" id="s1" name="Closing">Closing</stat>
</suite>
</statistics>
<errors>
</errors>
</robot>
